<?xml version="1.0" encoding="UTF-8"?>
<testng-results skipped="0" failed="2" total="5" passed="3">
  <reporter-output>
  </reporter-output>
  <suite name="Default suite" duration-ms="12085" started-at="2020-09-28T10:41:26Z" finished-at="2020-09-28T10:41:38Z">
    <groups>
    </groups>
    <test name="Default test" duration-ms="12085" started-at="2020-09-28T10:41:26Z" finished-at="2020-09-28T10:41:38Z">
      <class name="com.arcfacilities.test.TC001_spacexdata_api">
        <test-method status="PASS" signature="beforeSuite()[pri:0, instance:com.arcfacilities.test.TC001_spacexdata_api@6497b078]" name="beforeSuite" is-config="true" duration-ms="851" started-at="2020-09-28T16:11:25Z" finished-at="2020-09-28T16:11:26Z">
          <reporter-output>
          </reporter-output>
        </test-method> <!-- beforeSuite -->
        <test-method status="PASS" signature="beforeTest()[pri:0, instance:com.arcfacilities.test.TC001_spacexdata_api@6497b078]" name="beforeTest" is-config="true" duration-ms="1" started-at="2020-09-28T16:11:26Z" finished-at="2020-09-28T16:11:26Z">
          <reporter-output>
          </reporter-output>
        </test-method> <!-- beforeTest -->
        <test-method status="PASS" signature="beforeMethod(java.lang.reflect.Method)[pri:0, instance:com.arcfacilities.test.TC001_spacexdata_api@6497b078]" name="beforeMethod" is-config="true" duration-ms="352" started-at="2020-09-28T16:11:27Z" finished-at="2020-09-28T16:11:27Z">
          <params>
            <param index="0">
              <value>
                <![CDATA[public void com.arcfacilities.test.TC001_spacexdata_api.Call(java.util.Hashtable) throws java.lang.Exception]]>
              </value>
            </param>
          </params>
          <reporter-output>
          </reporter-output>
        </test-method> <!-- beforeMethod -->
        <test-method status="PASS" signature="Call(java.util.Hashtable)[pri:0, instance:com.arcfacilities.test.TC001_spacexdata_api@6497b078]" name="Call" duration-ms="6358" started-at="2020-09-28T16:11:27Z" data-provider="Call" finished-at="2020-09-28T16:11:33Z">
          <params>
            <param index="0">
              <value>
                <![CDATA[{RunMode=Y, BaseURI=https://api.spacexdata.com, ResourcePath=https://api.spacexdata.com/v4/launches/latest}]]>
              </value>
            </param>
          </params>
          <reporter-output>
          </reporter-output>
        </test-method> <!-- Call -->
        <test-method status="PASS" signature="afterMethod(org.testng.ITestResult)[pri:0, instance:com.arcfacilities.test.TC001_spacexdata_api@6497b078]" name="afterMethod" is-config="true" duration-ms="505" started-at="2020-09-28T16:11:33Z" finished-at="2020-09-28T16:11:34Z">
          <params>
            <param index="0">
              <value>
                <![CDATA[[TestResult name=Call status=SUCCESS method=TC001_spacexdata_api.Call(java.util.Hashtable)[pri:0, instance:com.arcfacilities.test.TC001_spacexdata_api@6497b078] output={null}]]]>
              </value>
            </param>
          </params>
          <reporter-output>
          </reporter-output>
        </test-method> <!-- afterMethod -->
        <test-method status="PASS" signature="beforeMethod(java.lang.reflect.Method)[pri:0, instance:com.arcfacilities.test.TC001_spacexdata_api@6497b078]" name="beforeMethod" is-config="true" duration-ms="2" started-at="2020-09-28T16:11:34Z" finished-at="2020-09-28T16:11:34Z">
          <params>
            <param index="0">
              <value>
                <![CDATA[public void com.arcfacilities.test.TC001_spacexdata_api.Call(java.util.Hashtable) throws java.lang.Exception]]>
              </value>
            </param>
          </params>
          <reporter-output>
          </reporter-output>
        </test-method> <!-- beforeMethod -->
        <test-method status="FAIL" signature="Call(java.util.Hashtable)[pri:0, instance:com.arcfacilities.test.TC001_spacexdata_api@6497b078]" name="Call" duration-ms="9" started-at="2020-09-28T16:11:34Z" data-provider="Call" finished-at="2020-09-28T16:11:34Z">
          <params>
            <param index="0">
              <value>
                <![CDATA[{RunMode=Status, BaseURI=, ResourcePath=}]]>
              </value>
            </param>
          </params>
          <exception class="java.net.URISyntaxException">
            <message>
              <![CDATA[Expected scheme name at index 0: :8080/:8080/]]>
            </message>
            <full-stacktrace>
              <![CDATA[java.net.URISyntaxException: Expected scheme name at index 0: :8080/:8080/
	at java.net.URI$Parser.fail(Unknown Source)
	at java.net.URI$Parser.failExpecting(Unknown Source)
	at java.net.URI$Parser.parse(Unknown Source)
	at java.net.URI.<init>(Unknown Source)
	at io.restassured.internal.http.URIBuilder.convertToURI(URIBuilder.java:91)
	at io.restassured.internal.http.URIBuilder$convertToURI$0.call(Unknown Source)
	at io.restassured.internal.RequestSpecificationImpl.generateRequestUriForLogging(RequestSpecificationImpl.groovy:1124)
	at sun.reflect.NativeMethodAccessorImpl.invoke0(Native Method)
	at sun.reflect.NativeMethodAccessorImpl.invoke(Unknown Source)
	at sun.reflect.DelegatingMethodAccessorImpl.invoke(Unknown Source)
	at java.lang.reflect.Method.invoke(Unknown Source)
	at org.codehaus.groovy.reflection.CachedMethod.invoke(CachedMethod.java:93)
	at groovy.lang.MetaMethod.doMethodInvoke(MetaMethod.java:325)
	at groovy.lang.MetaClassImpl.invokeMethod(MetaClassImpl.java:1215)
	at groovy.lang.MetaClassImpl.invokeMethod(MetaClassImpl.java:1024)
	at groovy.lang.MetaClassImpl.invokeMethod(MetaClassImpl.java:812)
	at io.restassured.internal.RequestSpecificationImpl.invokeMethod(RequestSpecificationImpl.groovy)
	at org.codehaus.groovy.runtime.callsite.PogoInterceptableSite.call(PogoInterceptableSite.java:48)
	at org.codehaus.groovy.runtime.callsite.PogoInterceptableSite.callCurrent(PogoInterceptableSite.java:58)
	at org.codehaus.groovy.runtime.callsite.AbstractCallSite.callCurrent(AbstractCallSite.java:174)
	at io.restassured.internal.RequestSpecificationImpl.newFilterContext(RequestSpecificationImpl.groovy:1085)
	at sun.reflect.NativeMethodAccessorImpl.invoke0(Native Method)
	at sun.reflect.NativeMethodAccessorImpl.invoke(Unknown Source)
	at sun.reflect.DelegatingMethodAccessorImpl.invoke(Unknown Source)
	at java.lang.reflect.Method.invoke(Unknown Source)
	at org.codehaus.groovy.reflection.CachedMethod.invoke(CachedMethod.java:93)
	at groovy.lang.MetaMethod.doMethodInvoke(MetaMethod.java:325)
	at groovy.lang.MetaClassImpl.invokeMethod(MetaClassImpl.java:1215)
	at groovy.lang.MetaClassImpl.invokeMethod(MetaClassImpl.java:1024)
	at groovy.lang.MetaClassImpl.invokeMethod(MetaClassImpl.java:812)
	at io.restassured.internal.RequestSpecificationImpl.invokeMethod(RequestSpecificationImpl.groovy)
	at org.codehaus.groovy.runtime.callsite.PogoInterceptableSite.call(PogoInterceptableSite.java:48)
	at org.codehaus.groovy.runtime.callsite.PogoInterceptableSite.callCurrent(PogoInterceptableSite.java:58)
	at org.codehaus.groovy.runtime.callsite.AbstractCallSite.callCurrent(AbstractCallSite.java:182)
	at io.restassured.internal.RequestSpecificationImpl.applyPathParamsAndSendRequest(RequestSpecificationImpl.groovy:1629)
	at sun.reflect.NativeMethodAccessorImpl.invoke0(Native Method)
	at sun.reflect.NativeMethodAccessorImpl.invoke(Unknown Source)
	at sun.reflect.DelegatingMethodAccessorImpl.invoke(Unknown Source)
	at java.lang.reflect.Method.invoke(Unknown Source)
	at org.codehaus.groovy.reflection.CachedMethod.invoke(CachedMethod.java:93)
	at groovy.lang.MetaMethod.doMethodInvoke(MetaMethod.java:325)
	at groovy.lang.MetaClassImpl.invokeMethod(MetaClassImpl.java:1215)
	at groovy.lang.MetaClassImpl.invokeMethod(MetaClassImpl.java:1024)
	at groovy.lang.MetaClassImpl.invokeMethod(MetaClassImpl.java:812)
	at io.restassured.internal.RequestSpecificationImpl.invokeMethod(RequestSpecificationImpl.groovy)
	at org.codehaus.groovy.runtime.callsite.PogoInterceptableSite.call(PogoInterceptableSite.java:48)
	at org.codehaus.groovy.runtime.callsite.PogoInterceptableSite.callCurrent(PogoInterceptableSite.java:58)
	at org.codehaus.groovy.runtime.callsite.AbstractCallSite.callCurrent(AbstractCallSite.java:182)
	at io.restassured.internal.RequestSpecificationImpl.applyPathParamsAndSendRequest(RequestSpecificationImpl.groovy:1637)
	at sun.reflect.NativeMethodAccessorImpl.invoke0(Native Method)
	at sun.reflect.NativeMethodAccessorImpl.invoke(Unknown Source)
	at sun.reflect.DelegatingMethodAccessorImpl.invoke(Unknown Source)
	at java.lang.reflect.Method.invoke(Unknown Source)
	at org.codehaus.groovy.reflection.CachedMethod.invoke(CachedMethod.java:93)
	at groovy.lang.MetaMethod.doMethodInvoke(MetaMethod.java:325)
	at groovy.lang.MetaClassImpl.invokeMethod(MetaClassImpl.java:1215)
	at groovy.lang.MetaClassImpl.invokeMethod(MetaClassImpl.java:1024)
	at groovy.lang.MetaClassImpl.invokeMethod(MetaClassImpl.java:812)
	at io.restassured.internal.RequestSpecificationImpl.invokeMethod(RequestSpecificationImpl.groovy)
	at org.codehaus.groovy.runtime.callsite.PogoInterceptableSite.call(PogoInterceptableSite.java:48)
	at org.codehaus.groovy.runtime.callsite.PogoInterceptableSite.callCurrent(PogoInterceptableSite.java:58)
	at org.codehaus.groovy.runtime.callsite.AbstractCallSite.callCurrent(AbstractCallSite.java:182)
	at io.restassured.internal.RequestSpecificationImpl.get(RequestSpecificationImpl.groovy:166)
	at io.restassured.internal.RequestSpecificationImpl.get(RequestSpecificationImpl.groovy)
	at com.arcfacilities.test.TC001_spacexdata_api.Call(TC001_spacexdata_api.java:41)
	at sun.reflect.NativeMethodAccessorImpl.invoke0(Native Method)
	at sun.reflect.NativeMethodAccessorImpl.invoke(Unknown Source)
	at sun.reflect.DelegatingMethodAccessorImpl.invoke(Unknown Source)
	at java.lang.reflect.Method.invoke(Unknown Source)
	at org.testng.internal.MethodInvocationHelper.invokeMethod(MethodInvocationHelper.java:85)
	at org.testng.internal.Invoker.invokeMethod(Invoker.java:659)
	at org.testng.internal.Invoker.invokeTestMethod(Invoker.java:845)
	at org.testng.internal.Invoker.invokeTestMethods(Invoker.java:1153)
	at org.testng.internal.TestMethodWorker.invokeTestMethods(TestMethodWorker.java:125)
	at org.testng.internal.TestMethodWorker.run(TestMethodWorker.java:108)
	at org.testng.TestRunner.privateRun(TestRunner.java:771)
	at org.testng.TestRunner.run(TestRunner.java:621)
	at org.testng.SuiteRunner.runTest(SuiteRunner.java:357)
	at org.testng.SuiteRunner.runSequentially(SuiteRunner.java:352)
	at org.testng.SuiteRunner.privateRun(SuiteRunner.java:310)
	at org.testng.SuiteRunner.run(SuiteRunner.java:259)
	at org.testng.SuiteRunnerWorker.runSuite(SuiteRunnerWorker.java:52)
	at org.testng.SuiteRunnerWorker.run(SuiteRunnerWorker.java:86)
	at org.testng.TestNG.runSuitesSequentially(TestNG.java:1199)
	at org.testng.TestNG.runSuitesLocally(TestNG.java:1124)
	at org.testng.TestNG.run(TestNG.java:1032)
	at org.testng.remote.RemoteTestNG.run(RemoteTestNG.java:111)
	at org.testng.remote.RemoteTestNG.initAndRun(RemoteTestNG.java:204)
	at org.testng.remote.RemoteTestNG.main(RemoteTestNG.java:175)
]]>
            </full-stacktrace>
          </exception> <!-- java.net.URISyntaxException -->
          <reporter-output>
          </reporter-output>
        </test-method> <!-- Call -->
        <test-method status="PASS" signature="afterMethod(org.testng.ITestResult)[pri:0, instance:com.arcfacilities.test.TC001_spacexdata_api@6497b078]" name="afterMethod" is-config="true" duration-ms="134" started-at="2020-09-28T16:11:34Z" finished-at="2020-09-28T16:11:34Z">
          <params>
            <param index="0">
              <value>
                <![CDATA[[TestResult name=Call status=FAILURE method=TC001_spacexdata_api.Call(java.util.Hashtable)[pri:0, instance:com.arcfacilities.test.TC001_spacexdata_api@6497b078] output={null}]]]>
              </value>
            </param>
          </params>
          <reporter-output>
          </reporter-output>
        </test-method> <!-- afterMethod -->
        <test-method status="PASS" signature="beforeMethod(java.lang.reflect.Method)[pri:0, instance:com.arcfacilities.test.TC001_spacexdata_api@6497b078]" name="beforeMethod" is-config="true" duration-ms="1" started-at="2020-09-28T16:11:34Z" finished-at="2020-09-28T16:11:34Z">
          <params>
            <param index="0">
              <value>
                <![CDATA[public void com.arcfacilities.test.TC001_spacexdata_api.Call(java.util.Hashtable) throws java.lang.Exception]]>
              </value>
            </param>
          </params>
          <reporter-output>
          </reporter-output>
        </test-method> <!-- beforeMethod -->
        <test-method status="FAIL" signature="Call(java.util.Hashtable)[pri:0, instance:com.arcfacilities.test.TC001_spacexdata_api@6497b078]" name="Call" duration-ms="33" started-at="2020-09-28T16:11:34Z" data-provider="Call" finished-at="2020-09-28T16:11:34Z">
          <params>
            <param index="0">
              <value>
                <![CDATA[{RunMode=RunMode, BaseURI=EndPointURL, ResourcePath=ResourcePath}]]>
              </value>
            </param>
          </params>
          <exception class="java.lang.IllegalStateException">
            <message>
              <![CDATA[Target host is null]]>
            </message>
            <full-stacktrace>
              <![CDATA[java.lang.IllegalStateException: Target host is null
	at org.apache.http.util.Asserts.notNull(Asserts.java:52)
	at org.apache.http.impl.conn.ProxySelectorRoutePlanner.determineRoute(ProxySelectorRoutePlanner.java:133)
	at org.apache.http.impl.client.DefaultRequestDirector.determineRoute(DefaultRequestDirector.java:761)
	at org.apache.http.impl.client.DefaultRequestDirector.execute(DefaultRequestDirector.java:380)
	at org.apache.http.impl.client.AbstractHttpClient.doExecute(AbstractHttpClient.java:835)
	at org.apache.http.impl.client.CloseableHttpClient.execute(CloseableHttpClient.java:83)
	at org.apache.http.impl.client.CloseableHttpClient.execute(CloseableHttpClient.java:56)
	at org.apache.http.client.HttpClient$execute$0.call(Unknown Source)
	at io.restassured.internal.RequestSpecificationImpl$RestAssuredHttpBuilder.doRequest(RequestSpecificationImpl.groovy:2028)
	at io.restassured.internal.http.HTTPBuilder.doRequest(HTTPBuilder.java:494)
	at io.restassured.internal.http.HTTPBuilder.request(HTTPBuilder.java:451)
	at io.restassured.internal.http.HTTPBuilder$request$2.call(Unknown Source)
	at io.restassured.internal.RequestSpecificationImpl.sendHttpRequest(RequestSpecificationImpl.groovy:1434)
	at sun.reflect.NativeMethodAccessorImpl.invoke0(Native Method)
	at sun.reflect.NativeMethodAccessorImpl.invoke(Unknown Source)
	at sun.reflect.DelegatingMethodAccessorImpl.invoke(Unknown Source)
	at java.lang.reflect.Method.invoke(Unknown Source)
	at org.codehaus.groovy.reflection.CachedMethod.invoke(CachedMethod.java:93)
	at groovy.lang.MetaMethod.doMethodInvoke(MetaMethod.java:325)
	at groovy.lang.MetaClassImpl.invokeMethod(MetaClassImpl.java:1215)
	at groovy.lang.MetaClassImpl.invokeMethod(MetaClassImpl.java:1024)
	at groovy.lang.MetaClassImpl.invokeMethod(MetaClassImpl.java:812)
	at io.restassured.internal.RequestSpecificationImpl.invokeMethod(RequestSpecificationImpl.groovy)
	at org.codehaus.groovy.runtime.callsite.PogoInterceptableSite.call(PogoInterceptableSite.java:48)
	at org.codehaus.groovy.runtime.callsite.PogoInterceptableSite.callCurrent(PogoInterceptableSite.java:58)
	at io.restassured.internal.RequestSpecificationImpl.sendRequest(RequestSpecificationImpl.groovy:1221)
	at sun.reflect.NativeMethodAccessorImpl.invoke0(Native Method)
	at sun.reflect.NativeMethodAccessorImpl.invoke(Unknown Source)
	at sun.reflect.DelegatingMethodAccessorImpl.invoke(Unknown Source)
	at java.lang.reflect.Method.invoke(Unknown Source)
	at org.codehaus.groovy.reflection.CachedMethod.invoke(CachedMethod.java:93)
	at groovy.lang.MetaMethod.doMethodInvoke(MetaMethod.java:325)
	at groovy.lang.MetaClassImpl.invokeMethod(MetaClassImpl.java:1215)
	at groovy.lang.MetaClassImpl.invokeMethod(MetaClassImpl.java:1024)
	at groovy.lang.MetaClassImpl.invokeMethod(MetaClassImpl.java:812)
	at io.restassured.internal.RequestSpecificationImpl.invokeMethod(RequestSpecificationImpl.groovy)
	at org.codehaus.groovy.runtime.callsite.PogoInterceptableSite.call(PogoInterceptableSite.java:48)
	at org.codehaus.groovy.runtime.callsite.AbstractCallSite.call(AbstractCallSite.java:149)
	at io.restassured.internal.filter.SendRequestFilter.filter(SendRequestFilter.groovy:30)
	at io.restassured.filter.Filter$filter$0.call(Unknown Source)
	at org.codehaus.groovy.runtime.callsite.CallSiteArray.defaultCall(CallSiteArray.java:48)
	at io.restassured.filter.Filter$filter.call(Unknown Source)
	at io.restassured.internal.filter.FilterContextImpl.next(FilterContextImpl.groovy:72)
	at io.restassured.filter.time.TimingFilter.filter(TimingFilter.java:56)
	at io.restassured.filter.Filter$filter.call(Unknown Source)
	at org.codehaus.groovy.runtime.callsite.CallSiteArray.defaultCall(CallSiteArray.java:48)
	at io.restassured.filter.Filter$filter$0.call(Unknown Source)
	at io.restassured.internal.filter.FilterContextImpl.next(FilterContextImpl.groovy:72)
	at io.restassured.filter.FilterContext$next.call(Unknown Source)
	at io.restassured.internal.RequestSpecificationImpl.applyPathParamsAndSendRequest(RequestSpecificationImpl.groovy:1631)
	at sun.reflect.NativeMethodAccessorImpl.invoke0(Native Method)
	at sun.reflect.NativeMethodAccessorImpl.invoke(Unknown Source)
	at sun.reflect.DelegatingMethodAccessorImpl.invoke(Unknown Source)
	at java.lang.reflect.Method.invoke(Unknown Source)
	at org.codehaus.groovy.reflection.CachedMethod.invoke(CachedMethod.java:93)
	at groovy.lang.MetaMethod.doMethodInvoke(MetaMethod.java:325)
	at groovy.lang.MetaClassImpl.invokeMethod(MetaClassImpl.java:1215)
	at groovy.lang.MetaClassImpl.invokeMethod(MetaClassImpl.java:1024)
	at groovy.lang.MetaClassImpl.invokeMethod(MetaClassImpl.java:812)
	at io.restassured.internal.RequestSpecificationImpl.invokeMethod(RequestSpecificationImpl.groovy)
	at org.codehaus.groovy.runtime.callsite.PogoInterceptableSite.call(PogoInterceptableSite.java:48)
	at org.codehaus.groovy.runtime.callsite.PogoInterceptableSite.callCurrent(PogoInterceptableSite.java:58)
	at org.codehaus.groovy.runtime.callsite.AbstractCallSite.callCurrent(AbstractCallSite.java:182)
	at io.restassured.internal.RequestSpecificationImpl.applyPathParamsAndSendRequest(RequestSpecificationImpl.groovy:1637)
	at sun.reflect.NativeMethodAccessorImpl.invoke0(Native Method)
	at sun.reflect.NativeMethodAccessorImpl.invoke(Unknown Source)
	at sun.reflect.DelegatingMethodAccessorImpl.invoke(Unknown Source)
	at java.lang.reflect.Method.invoke(Unknown Source)
	at org.codehaus.groovy.reflection.CachedMethod.invoke(CachedMethod.java:93)
	at groovy.lang.MetaMethod.doMethodInvoke(MetaMethod.java:325)
	at groovy.lang.MetaClassImpl.invokeMethod(MetaClassImpl.java:1215)
	at groovy.lang.MetaClassImpl.invokeMethod(MetaClassImpl.java:1024)
	at groovy.lang.MetaClassImpl.invokeMethod(MetaClassImpl.java:812)
	at io.restassured.internal.RequestSpecificationImpl.invokeMethod(RequestSpecificationImpl.groovy)
	at org.codehaus.groovy.runtime.callsite.PogoInterceptableSite.call(PogoInterceptableSite.java:48)
	at org.codehaus.groovy.runtime.callsite.PogoInterceptableSite.callCurrent(PogoInterceptableSite.java:58)
	at org.codehaus.groovy.runtime.callsite.AbstractCallSite.callCurrent(AbstractCallSite.java:182)
	at io.restassured.internal.RequestSpecificationImpl.get(RequestSpecificationImpl.groovy:166)
	at io.restassured.internal.RequestSpecificationImpl.get(RequestSpecificationImpl.groovy)
	at com.arcfacilities.test.TC001_spacexdata_api.Call(TC001_spacexdata_api.java:41)
	at sun.reflect.NativeMethodAccessorImpl.invoke0(Native Method)
	at sun.reflect.NativeMethodAccessorImpl.invoke(Unknown Source)
	at sun.reflect.DelegatingMethodAccessorImpl.invoke(Unknown Source)
	at java.lang.reflect.Method.invoke(Unknown Source)
	at org.testng.internal.MethodInvocationHelper.invokeMethod(MethodInvocationHelper.java:85)
	at org.testng.internal.Invoker.invokeMethod(Invoker.java:659)
	at org.testng.internal.Invoker.invokeTestMethod(Invoker.java:845)
	at org.testng.internal.Invoker.invokeTestMethods(Invoker.java:1153)
	at org.testng.internal.TestMethodWorker.invokeTestMethods(TestMethodWorker.java:125)
	at org.testng.internal.TestMethodWorker.run(TestMethodWorker.java:108)
	at org.testng.TestRunner.privateRun(TestRunner.java:771)
	at org.testng.TestRunner.run(TestRunner.java:621)
	at org.testng.SuiteRunner.runTest(SuiteRunner.java:357)
	at org.testng.SuiteRunner.runSequentially(SuiteRunner.java:352)
	at org.testng.SuiteRunner.privateRun(SuiteRunner.java:310)
	at org.testng.SuiteRunner.run(SuiteRunner.java:259)
	at org.testng.SuiteRunnerWorker.runSuite(SuiteRunnerWorker.java:52)
	at org.testng.SuiteRunnerWorker.run(SuiteRunnerWorker.java:86)
	at org.testng.TestNG.runSuitesSequentially(TestNG.java:1199)
	at org.testng.TestNG.runSuitesLocally(TestNG.java:1124)
	at org.testng.TestNG.run(TestNG.java:1032)
	at org.testng.remote.RemoteTestNG.run(RemoteTestNG.java:111)
	at org.testng.remote.RemoteTestNG.initAndRun(RemoteTestNG.java:204)
	at org.testng.remote.RemoteTestNG.main(RemoteTestNG.java:175)
]]>
            </full-stacktrace>
          </exception> <!-- java.lang.IllegalStateException -->
          <reporter-output>
          </reporter-output>
        </test-method> <!-- Call -->
        <test-method status="PASS" signature="afterMethod(org.testng.ITestResult)[pri:0, instance:com.arcfacilities.test.TC001_spacexdata_api@6497b078]" name="afterMethod" is-config="true" duration-ms="77" started-at="2020-09-28T16:11:34Z" finished-at="2020-09-28T16:11:34Z">
          <params>
            <param index="0">
              <value>
                <![CDATA[[TestResult name=Call status=FAILURE method=TC001_spacexdata_api.Call(java.util.Hashtable)[pri:0, instance:com.arcfacilities.test.TC001_spacexdata_api@6497b078] output={null}]]]>
              </value>
            </param>
          </params>
          <reporter-output>
          </reporter-output>
        </test-method> <!-- afterMethod -->
        <test-method status="PASS" signature="beforeMethod(java.lang.reflect.Method)[pri:0, instance:com.arcfacilities.test.TC001_spacexdata_api@6497b078]" name="beforeMethod" is-config="true" duration-ms="1" started-at="2020-09-28T16:11:34Z" finished-at="2020-09-28T16:11:34Z">
          <params>
            <param index="0">
              <value>
                <![CDATA[public void com.arcfacilities.test.TC001_spacexdata_api.Call(java.util.Hashtable) throws java.lang.Exception]]>
              </value>
            </param>
          </params>
          <reporter-output>
          </reporter-output>
        </test-method> <!-- beforeMethod -->
        <test-method status="PASS" signature="Call(java.util.Hashtable)[pri:0, instance:com.arcfacilities.test.TC001_spacexdata_api@6497b078]" name="Call" duration-ms="3971" started-at="2020-09-28T16:11:34Z" data-provider="Call" finished-at="2020-09-28T16:11:38Z">
          <params>
            <param index="0">
              <value>
                <![CDATA[{RunMode=Y, BaseURI=https://api.spacexdata.com, ResourcePath=https://api.spacexdata.com/v4/launches/latest}]]>
              </value>
            </param>
          </params>
          <reporter-output>
          </reporter-output>
        </test-method> <!-- Call -->
        <test-method status="PASS" signature="afterMethod(org.testng.ITestResult)[pri:0, instance:com.arcfacilities.test.TC001_spacexdata_api@6497b078]" name="afterMethod" is-config="true" duration-ms="63" started-at="2020-09-28T16:11:38Z" finished-at="2020-09-28T16:11:38Z">
          <params>
            <param index="0">
              <value>
                <![CDATA[[TestResult name=Call status=SUCCESS method=TC001_spacexdata_api.Call(java.util.Hashtable)[pri:0, instance:com.arcfacilities.test.TC001_spacexdata_api@6497b078] output={null}]]]>
              </value>
            </param>
          </params>
          <reporter-output>
          </reporter-output>
        </test-method> <!-- afterMethod -->
        <test-method status="PASS" signature="beforeMethod(java.lang.reflect.Method)[pri:0, instance:com.arcfacilities.test.TC001_spacexdata_api@6497b078]" name="beforeMethod" is-config="true" duration-ms="0" started-at="2020-09-28T16:11:38Z" finished-at="2020-09-28T16:11:38Z">
          <params>
            <param index="0">
              <value>
                <![CDATA[public void com.arcfacilities.test.TC001_spacexdata_api.Status(java.util.Hashtable)]]>
              </value>
            </param>
          </params>
          <reporter-output>
          </reporter-output>
        </test-method> <!-- beforeMethod -->
        <test-method status="PASS" signature="Status(java.util.Hashtable)[pri:0, instance:com.arcfacilities.test.TC001_spacexdata_api@6497b078]" name="Status" duration-ms="37" started-at="2020-09-28T16:11:38Z" data-provider="Status" finished-at="2020-09-28T16:11:38Z">
          <params>
            <param index="0">
              <value>
                <![CDATA[{StatusCode=200, RunMode=Y, ContentType=application/json; charset=utf-8, EndPointURL=https://api.spacexdata.com, ResourcePath=https://api.spacexdata.com/v4/launches/latest}]]>
              </value>
            </param>
          </params>
          <reporter-output>
          </reporter-output>
        </test-method> <!-- Status -->
        <test-method status="PASS" signature="afterMethod(org.testng.ITestResult)[pri:0, instance:com.arcfacilities.test.TC001_spacexdata_api@6497b078]" name="afterMethod" is-config="true" duration-ms="127" started-at="2020-09-28T16:11:38Z" finished-at="2020-09-28T16:11:38Z">
          <params>
            <param index="0">
              <value>
                <![CDATA[[TestResult name=Status status=SUCCESS method=TC001_spacexdata_api.Status(java.util.Hashtable)[pri:0, instance:com.arcfacilities.test.TC001_spacexdata_api@6497b078] output={null}]]]>
              </value>
            </param>
          </params>
          <reporter-output>
          </reporter-output>
        </test-method> <!-- afterMethod -->
        <test-method status="PASS" signature="afterTest()[pri:0, instance:com.arcfacilities.test.TC001_spacexdata_api@6497b078]" name="afterTest" is-config="true" duration-ms="1" started-at="2020-09-28T16:11:38Z" finished-at="2020-09-28T16:11:38Z">
          <reporter-output>
          </reporter-output>
        </test-method> <!-- afterTest -->
        <test-method status="PASS" signature="afterSuite()[pri:0, instance:com.arcfacilities.test.TC001_spacexdata_api@6497b078]" name="afterSuite" is-config="true" duration-ms="0" started-at="2020-09-28T16:11:38Z" finished-at="2020-09-28T16:11:38Z">
          <reporter-output>
          </reporter-output>
        </test-method> <!-- afterSuite -->
      </class> <!-- com.arcfacilities.test.TC001_spacexdata_api -->
    </test> <!-- Default test -->
  </suite> <!-- Default suite -->
</testng-results>
